<?xml version="1.0" encoding="UTF-8"?>
<testng-results ignored="0" total="1" passed="1" failed="0" skipped="0">
  <reporter-output>
  </reporter-output>
  <suite started-at="2025-03-02T19:29:57 IST" name="GoogleTestSuite" finished-at="2025-03-02T19:30:10 IST" duration-ms="12446">
    <groups>
    </groups>
    <test started-at="2025-03-02T19:29:57 IST" name="GoogleSearchTest" finished-at="2025-03-02T19:30:10 IST" duration-ms="12446">
      <class name="com.example.tests.GoogleSearchTest">
        <test-method is-config="true" signature="setUp()[pri:0, instance:com.example.tests.GoogleSearchTest@69c81773]" started-at="2025-03-02T19:29:57 IST" name="setUp" finished-at="2025-03-02T19:30:01 IST" duration-ms="3169" status="PASS">
          <reporter-output>
          </reporter-output>
        </test-method> <!-- setUp -->
        <test-method signature="testGoogleSearch()[pri:0, instance:com.example.tests.GoogleSearchTest@69c81773]" started-at="2025-03-02T19:30:01 IST" name="testGoogleSearch" finished-at="2025-03-02T19:30:10 IST" duration-ms="9080" status="PASS">
          <reporter-output>
          </reporter-output>
        </test-method> <!-- testGoogleSearch -->
        <test-method is-config="true" signature="tearDown()[pri:0, instance:com.example.tests.GoogleSearchTest@69c81773]" started-at="2025-03-02T19:30:10 IST" name="tearDown" finished-at="2025-03-02T19:30:10 IST" duration-ms="157" status="PASS">
          <reporter-output>
          </reporter-output>
        </test-method> <!-- tearDown -->
      </class> <!-- com.example.tests.GoogleSearchTest -->
    </test> <!-- GoogleSearchTest -->
  </suite> <!-- GoogleTestSuite -->
</testng-results>
